<?xml version="1.0" encoding="UTF-8"?>
<!-- Generated by org.testng.reporters.JUnitXMLReporter -->
<testsuite ignored="0" hostname="HSNAP-Zxz4FEeH3" failures="1" tests="8" name="UI_Automation_Test" time="38.506" errors="0" timestamp="2024-07-18T17:20:59 IST">
  <testcase classname="org.automation.tests.para.para_version_1.Para_Tests" name="checkProvUrl" time="6.768"/>
  <testcase classname="org.automation.tests.para.para_version_1.Para_Tests" name="loginTest" time="2.964"/>
  <testcase classname="org.automation.tests.para.para_version_1.Para_Tests" name="homePageVerification" time="0.113"/>
  <testcase classname="org.automation.tests.para.para_version_1.Para_Tests" name="checkHomePage" time="0.142"/>
  <testcase classname="org.automation.tests.para.para_version_1.Para_Tests" name="checkOrdersPage" time="6.407">
    <failure type="org.openqa.selenium.ElementClickInterceptedException" message="element click intercepted: Element &amp;lt;a id=&amp;quot;1234-tab-4&amp;quot; href=&amp;quot;#&amp;quot; role=&amp;quot;tab&amp;quot; data-rb-event-key=&amp;quot;4&amp;quot; aria-controls=&amp;quot;1234-tabpane-4&amp;quot; tabindex=&amp;quot;-1&amp;quot; aria-disabled=&amp;quot;true&amp;quot; aria-selected=&amp;quot;false&amp;quot; class=&amp;quot;nav-item nav-link disabled&amp;quot;&amp;gt;...&amp;lt;/a&amp;gt; is not clickable at point (191, 533). Other element would receive the click: &amp;lt;nav class=&amp;quot;nav nav-tabs&amp;quot; role=&amp;quot;tablist&amp;quot;&amp;gt;...&amp;lt;/nav&amp;gt;
  (Session info: chrome=126.0.6478.127)
Build info: version: &amp;apos;4.18.1&amp;apos;, revision: &amp;apos;b1d3319b48&amp;apos;
System info: os.name: &amp;apos;Windows 11&amp;apos;, os.arch: &amp;apos;amd64&amp;apos;, os.version: &amp;apos;10.0&amp;apos;, java.version: &amp;apos;17.0.10&amp;apos;
Driver info: org.openqa.selenium.chrome.ChromeDriver
Command: [b8f5aa4c4115ade644791ebd9e8b25c8, clickElement {id=f.6C6D4C0337DEA943F50C557D8E5F2F2E.d.F0107D8C0CD9CB04BBA8A61B9D7342B5.e.134}]
Capabilities {acceptInsecureCerts: true, browserName: chrome, browserVersion: 126.0.6478.127, chrome: {chromedriverVersion: 126.0.6478.182 (5b5d8292ddf..., userDataDir: C:\Windows\SystemTemp\scope...}, fedcm:accounts: true, goog:chromeOptions: {debuggerAddress: localhost:50583}, networkConnectionEnabled: false, pageLoadStrategy: normal, platformName: windows, proxy: Proxy(), se:cdp: ws://localhost:50583/devtoo..., se:cdpVersion: 126.0.6478.127, setWindowRect: true, strictFileInteractability: false, timeouts: {implicit: 0, pageLoad: 300000, script: 30000}, unhandledPromptBehavior: dismiss and notify, webauthn:extension:credBlob: true, webauthn:extension:largeBlob: true, webauthn:extension:minPinLength: true, webauthn:extension:prf: true, webauthn:virtualAuthenticators: true}
Element: [[ChromeDriver: chrome on windows (b8f5aa4c4115ade644791ebd9e8b25c8)] -&amp;gt; xpath: //a[@id=&amp;apos;1234-tab-4&amp;apos;]]
Session ID: b8f5aa4c4115ade644791ebd9e8b25c8">
      <![CDATA[org.openqa.selenium.ElementClickInterceptedException: element click intercepted: Element <a id="1234-tab-4" href="#" role="tab" data-rb-event-key="4" aria-controls="1234-tabpane-4" tabindex="-1" aria-disabled="true" aria-selected="false" class="nav-item nav-link disabled">...</a> is not clickable at point (191, 533). Other element would receive the click: <nav class="nav nav-tabs" role="tablist">...</nav>
  (Session info: chrome=126.0.6478.127)
Build info: version: '4.18.1', revision: 'b1d3319b48'
System info: os.name: 'Windows 11', os.arch: 'amd64', os.version: '10.0', java.version: '17.0.10'
Driver info: org.openqa.selenium.chrome.ChromeDriver
Command: [b8f5aa4c4115ade644791ebd9e8b25c8, clickElement {id=f.6C6D4C0337DEA943F50C557D8E5F2F2E.d.F0107D8C0CD9CB04BBA8A61B9D7342B5.e.134}]
Capabilities {acceptInsecureCerts: true, browserName: chrome, browserVersion: 126.0.6478.127, chrome: {chromedriverVersion: 126.0.6478.182 (5b5d8292ddf..., userDataDir: C:\Windows\SystemTemp\scope...}, fedcm:accounts: true, goog:chromeOptions: {debuggerAddress: localhost:50583}, networkConnectionEnabled: false, pageLoadStrategy: normal, platformName: windows, proxy: Proxy(), se:cdp: ws://localhost:50583/devtoo..., se:cdpVersion: 126.0.6478.127, setWindowRect: true, strictFileInteractability: false, timeouts: {implicit: 0, pageLoad: 300000, script: 30000}, unhandledPromptBehavior: dismiss and notify, webauthn:extension:credBlob: true, webauthn:extension:largeBlob: true, webauthn:extension:minPinLength: true, webauthn:extension:prf: true, webauthn:virtualAuthenticators: true}
Element: [[ChromeDriver: chrome on windows (b8f5aa4c4115ade644791ebd9e8b25c8)] -> xpath: //a[@id='1234-tab-4']]
Session ID: b8f5aa4c4115ade644791ebd9e8b25c8
at org.openqa.selenium.remote.ErrorCodec.decode(ErrorCodec.java:167)
at org.openqa.selenium.remote.codec.w3c.W3CHttpResponseCodec.decode(W3CHttpResponseCodec.java:138)
at org.openqa.selenium.remote.codec.w3c.W3CHttpResponseCodec.decode(W3CHttpResponseCodec.java:50)
at org.openqa.selenium.remote.HttpCommandExecutor.execute(HttpCommandExecutor.java:190)
at org.openqa.selenium.remote.service.DriverCommandExecutor.invokeExecute(DriverCommandExecutor.java:216)
at org.openqa.selenium.remote.service.DriverCommandExecutor.execute(DriverCommandExecutor.java:174)
at org.openqa.selenium.remote.RemoteWebDriver.execute(RemoteWebDriver.java:519)
at org.openqa.selenium.remote.RemoteWebElement.execute(RemoteWebElement.java:223)
at org.openqa.selenium.remote.RemoteWebElement.click(RemoteWebElement.java:76)
at org.openqa.selenium.support.pagefactory.internal.LocatingElementHandler.invoke(LocatingElementHandler.java:51)
at jdk.proxy2/jdk.proxy2.$Proxy30.click(Unknown Source)
at org.automation.pages.para_pages.para_version_1.PROV_OrdersPage.verifyOrderDetailsPage(PROV_OrdersPage.java:62)
at org.automation.tests.para.para_version_1.Para_Tests.checkOrdersPage(PROV_Tests.java:95)
at java.base/java.util.concurrent.Executors$RunnableAdapter.call(Executors.java:539)
at java.base/java.util.concurrent.FutureTask.run(FutureTask.java:264)
at java.base/java.util.concurrent.ThreadPoolExecutor.runWorker(ThreadPoolExecutor.java:1136)
at java.base/java.util.concurrent.ThreadPoolExecutor$Worker.run(ThreadPoolExecutor.java:635)
at java.base/java.lang.Thread.run(Thread.java:840)
... Removed 22 stack frames]]>
    </failure>
  </testcase> <!-- checkOrdersPage -->
  <testcase classname="org.automation.tests.para.para_version_1.Para_Tests" name="checkManualTaskPage" time="5.577"/>
  <testcase classname="org.automation.tests.para.para_version_1.Para_Tests" name="checkFalloutManagementPage" time="5.789"/>
  <testcase classname="org.automation.tests.para.para_version_1.Para_Tests" name="checkLogout" time="1.818"/>
</testsuite> <!-- UI_Automation_Test -->
