<?xml version="1.0" encoding="UTF-8"?>
<!-- Generated by org.testng.reporters.JUnitReportReporter -->
<testsuite hostname="HSNAP-Zxz4FEeH3" failures="0" tests="8" name="org.automation.tests.para.para_version_1.Para_Tests" time="29.578" errors="1" timestamp="2024-07-18T17:20:59 IST" skipped="0">
  <testcase classname="org.automation.tests.para.para_version_1.Para_Tests" name="checkProvUrl" time="6.768">
    <system-out>
      <![CDATA[Application is up and running]]>
    </system-out>
  </testcase> <!-- checkProvUrl -->
  <testcase classname="org.automation.tests.para.para_version_1.Para_Tests" name="loginTest" time="2.964">
    <system-out>
      <![CDATA[Logged In successfully]]>
    </system-out>
  </testcase> <!-- loginTest -->
  <testcase classname="org.automation.tests.para.para_version_1.Para_Tests" name="homePageVerification" time="0.113">
    <system-out>
      <![CDATA[Verified the Prov Home Page]]>
    </system-out>
  </testcase> <!-- homePageVerification -->
  <testcase classname="org.automation.tests.para.para_version_1.Para_Tests" name="checkHomePage" time="0.142">
    <system-out>
      <![CDATA[Verified all links on Home Page]]>
    </system-out>
  </testcase> <!-- checkHomePage -->
  <testcase classname="org.automation.tests.para.para_version_1.Para_Tests" name="checkOrdersPage" time="6.407">
    <error message="element click intercepted: Element &lt;a id=&quot;1234-tab-4&quot; href=&quot;#&quot; role=&quot;tab&quot; data-rb-event-key=&quot;4&quot; aria-controls=&quot;1234-tabpane-4&quot; tabindex=&quot;-1&quot; aria-disabled=&quot;true&quot; aria-selected=&quot;false&quot; class=&quot;nav-item nav-link disabled&quot;&gt;...&lt;/a&gt; is not clickable at point (191, 533). Other element would receive the click: &lt;nav class=&quot;nav nav-tabs&quot; role=&quot;tablist&quot;&gt;...&lt;/nav&gt;
  (Session info: chrome=126.0.6478.127)
Build info: version: &#039;4.18.1&#039;, revision: &#039;b1d3319b48&#039;
System info: os.name: &#039;Windows 11&#039;, os.arch: &#039;amd64&#039;, os.version: &#039;10.0&#039;, java.version: &#039;17.0.10&#039;
Driver info: org.openqa.selenium.chrome.ChromeDriver
Command: [b8f5aa4c4115ade644791ebd9e8b25c8, clickElement {id=f.6C6D4C0337DEA943F50C557D8E5F2F2E.d.F0107D8C0CD9CB04BBA8A61B9D7342B5.e.134}]
Capabilities {acceptInsecureCerts: true, browserName: chrome, browserVersion: 126.0.6478.127, chrome: {chromedriverVersion: 126.0.6478.182 (5b5d8292ddf..., userDataDir: C:\Windows\SystemTemp\scope...}, fedcm:accounts: true, goog:chromeOptions: {debuggerAddress: localhost:50583}, networkConnectionEnabled: false, pageLoadStrategy: normal, platformName: windows, proxy: Proxy(), se:cdp: ws://localhost:50583/devtoo..., se:cdpVersion: 126.0.6478.127, setWindowRect: true, strictFileInteractability: false, timeouts: {implicit: 0, pageLoad: 300000, script: 30000}, unhandledPromptBehavior: dismiss and notify, webauthn:extension:credBlob: true, webauthn:extension:largeBlob: true, webauthn:extension:minPinLength: true, webauthn:extension:prf: true, webauthn:virtualAuthenticators: true}
Element: [[ChromeDriver: chrome on windows (b8f5aa4c4115ade644791ebd9e8b25c8)] -&gt; xpath: //a[@id=&#039;1234-tab-4&#039;]]
Session ID: b8f5aa4c4115ade644791ebd9e8b25c8" type="org.openqa.selenium.ElementClickInterceptedException">
      <![CDATA[org.openqa.selenium.ElementClickInterceptedException: element click intercepted: Element <a id="1234-tab-4" href="#" role="tab" data-rb-event-key="4" aria-controls="1234-tabpane-4" tabindex="-1" aria-disabled="true" aria-selected="false" class="nav-item nav-link disabled">...</a> is not clickable at point (191, 533). Other element would receive the click: <nav class="nav nav-tabs" role="tablist">...</nav>
  (Session info: chrome=126.0.6478.127)
Build info: version: '4.18.1', revision: 'b1d3319b48'
System info: os.name: 'Windows 11', os.arch: 'amd64', os.version: '10.0', java.version: '17.0.10'
Driver info: org.openqa.selenium.chrome.ChromeDriver
Command: [b8f5aa4c4115ade644791ebd9e8b25c8, clickElement {id=f.6C6D4C0337DEA943F50C557D8E5F2F2E.d.F0107D8C0CD9CB04BBA8A61B9D7342B5.e.134}]
Capabilities {acceptInsecureCerts: true, browserName: chrome, browserVersion: 126.0.6478.127, chrome: {chromedriverVersion: 126.0.6478.182 (5b5d8292ddf..., userDataDir: C:\Windows\SystemTemp\scope...}, fedcm:accounts: true, goog:chromeOptions: {debuggerAddress: localhost:50583}, networkConnectionEnabled: false, pageLoadStrategy: normal, platformName: windows, proxy: Proxy(), se:cdp: ws://localhost:50583/devtoo..., se:cdpVersion: 126.0.6478.127, setWindowRect: true, strictFileInteractability: false, timeouts: {implicit: 0, pageLoad: 300000, script: 30000}, unhandledPromptBehavior: dismiss and notify, webauthn:extension:credBlob: true, webauthn:extension:largeBlob: true, webauthn:extension:minPinLength: true, webauthn:extension:prf: true, webauthn:virtualAuthenticators: true}
Element: [[ChromeDriver: chrome on windows (b8f5aa4c4115ade644791ebd9e8b25c8)] -> xpath: //a[@id='1234-tab-4']]
Session ID: b8f5aa4c4115ade644791ebd9e8b25c8
at java.base/jdk.internal.reflect.NativeConstructorAccessorImpl.newInstance0(Native Method)
at java.base/jdk.internal.reflect.NativeConstructorAccessorImpl.newInstance(NativeConstructorAccessorImpl.java:77)
at java.base/jdk.internal.reflect.DelegatingConstructorAccessorImpl.newInstance(DelegatingConstructorAccessorImpl.java:45)
at java.base/java.lang.reflect.Constructor.newInstanceWithCaller(Constructor.java:499)
at java.base/java.lang.reflect.Constructor.newInstance(Constructor.java:480)
at org.openqa.selenium.remote.ErrorCodec.decode(ErrorCodec.java:167)
at org.openqa.selenium.remote.codec.w3c.W3CHttpResponseCodec.decode(W3CHttpResponseCodec.java:138)
at org.openqa.selenium.remote.codec.w3c.W3CHttpResponseCodec.decode(W3CHttpResponseCodec.java:50)
at org.openqa.selenium.remote.HttpCommandExecutor.execute(HttpCommandExecutor.java:190)
at org.openqa.selenium.remote.service.DriverCommandExecutor.invokeExecute(DriverCommandExecutor.java:216)
at org.openqa.selenium.remote.service.DriverCommandExecutor.execute(DriverCommandExecutor.java:174)
at org.openqa.selenium.remote.RemoteWebDriver.execute(RemoteWebDriver.java:519)
at org.openqa.selenium.remote.RemoteWebElement.execute(RemoteWebElement.java:223)
at org.openqa.selenium.remote.RemoteWebElement.click(RemoteWebElement.java:76)
at java.base/jdk.internal.reflect.NativeMethodAccessorImpl.invoke0(Native Method)
at java.base/jdk.internal.reflect.NativeMethodAccessorImpl.invoke(NativeMethodAccessorImpl.java:77)
at java.base/jdk.internal.reflect.DelegatingMethodAccessorImpl.invoke(DelegatingMethodAccessorImpl.java:43)
at java.base/java.lang.reflect.Method.invoke(Method.java:568)
at org.openqa.selenium.support.pagefactory.internal.LocatingElementHandler.invoke(LocatingElementHandler.java:51)
at jdk.proxy2/jdk.proxy2.$Proxy30.click(Unknown Source)
at org.automation.pages.para_pages.para_version_1.PROV_OrdersPage.verifyOrderDetailsPage(PROV_OrdersPage.java:62)
at org.automation.tests.para.para_version_1.Para_Tests.checkOrdersPage(PROV_Tests.java:95)
at java.base/jdk.internal.reflect.NativeMethodAccessorImpl.invoke0(Native Method)
at java.base/jdk.internal.reflect.NativeMethodAccessorImpl.invoke(NativeMethodAccessorImpl.java:77)
at java.base/jdk.internal.reflect.DelegatingMethodAccessorImpl.invoke(DelegatingMethodAccessorImpl.java:43)
at java.base/java.lang.reflect.Method.invoke(Method.java:568)
at org.testng.internal.invokers.MethodInvocationHelper.invokeMethod(MethodInvocationHelper.java:139)
at org.testng.internal.invokers.TestInvoker.invokeMethod(TestInvoker.java:664)
at org.testng.internal.invokers.TestInvoker.invokeTestMethod(TestInvoker.java:228)
at org.testng.internal.invokers.MethodRunner.runInSequence(MethodRunner.java:63)
at org.testng.internal.invokers.TestInvoker$MethodInvocationAgent.invoke(TestInvoker.java:961)
at org.testng.internal.invokers.TestInvoker.invokeTestMethods(TestInvoker.java:201)
at org.testng.internal.invokers.TestMethodWorker.invokeTestMethods(TestMethodWorker.java:148)
at org.testng.internal.invokers.TestMethodWorker.run(TestMethodWorker.java:128)
at java.base/java.util.concurrent.Executors$RunnableAdapter.call(Executors.java:539)
at java.base/java.util.concurrent.FutureTask.run(FutureTask.java:264)
at org.testng.internal.thread.graph.TestNGFutureTask.run(TestNGFutureTask.java:22)
at java.base/java.util.concurrent.ThreadPoolExecutor.runWorker(ThreadPoolExecutor.java:1136)
at java.base/java.util.concurrent.ThreadPoolExecutor$Worker.run(ThreadPoolExecutor.java:635)
at java.base/java.lang.Thread.run(Thread.java:840)
]]>
    </error>
    <system-out>
      <![CDATA[Clicked on Orders button and successfully land on Orders Page]]>
    </system-out>
  </testcase> <!-- checkOrdersPage -->
  <testcase classname="org.automation.tests.para.para_version_1.Para_Tests" name="checkManualTaskPage" time="5.577">
    <system-out>
      <![CDATA[Verified the Manual Task Page]]>
    </system-out>
  </testcase> <!-- checkManualTaskPage -->
  <testcase classname="org.automation.tests.para.para_version_1.Para_Tests" name="checkFalloutManagementPage" time="5.789">
    <system-out>
      <![CDATA[Verified all links on Fallout Management page
Verified the Search Page on Fallout Management
Verified the Batch Management Page on Fallout Management]]>
    </system-out>
  </testcase> <!-- checkFalloutManagementPage -->
  <testcase classname="org.automation.tests.para.para_version_1.Para_Tests" name="checkLogout" time="1.818">
    <system-out>
      <![CDATA[Verified the logout functionality]]>
    </system-out>
  </testcase> <!-- checkLogout -->
  <system-out>
    <![CDATA[Application is up and running
Logged In successfully
Verified the Prov Home Page
Verified all links on Home Page
Clicked on Orders button and successfully land on Orders Page
Verified the Manual Task Page
Verified all links on Fallout Management page
Verified the Search Page on Fallout Management
Verified the Batch Management Page on Fallout Management
Verified the logout functionality]]>
  </system-out>
</testsuite> <!-- org.automation.tests.para.para_version_1.Para_Tests -->
